<?xml version="1.0" encoding="UTF-8"?>
<!-- Generated by org.testng.reporters.JUnitReportReporter -->
<testsuite hostname="PNB" failures="0" tests="4" name="advanceSeleniumTestng.ThreadPoolSize" time="186.515" errors="2" timestamp="2024-01-19T11:26:05 IST" skipped="0">
  <testcase classname="advanceSeleniumTestng.ThreadPoolSize" name="amazon" time="45.419">
    <error message="unknown error: net::ERR_INTERNET_DISCONNECTED
  (Session info: MicrosoftEdge=120.0.2210.133)
Build info: version: &#039;4.12.1&#039;, revision: &#039;8e34639b11&#039;
System info: os.name: &#039;Windows 10&#039;, os.arch: &#039;amd64&#039;, os.version: &#039;10.0&#039;, java.version: &#039;20.0.2&#039;
Driver info: org.openqa.selenium.edge.EdgeDriver
Command: [1a9c18155fc3b253bbe2ceb482fd8475, get {url=https://www.amazon.in/}]
Capabilities {acceptInsecureCerts: false, browserName: MicrosoftEdge, browserVersion: 120.0.2210.133, fedcm:accounts: true, ms:edgeOptions: {debuggerAddress: localhost:61416}, msedge: {msedgedriverVersion: 120.0.2210.144 (cbca972d598..., userDataDir: C:\WINDOWS\SystemTemp\scope...}, networkConnectionEnabled: false, pageLoadStrategy: normal, platformName: windows, proxy: Proxy(), se:cdp: ws://localhost:61416/devtoo..., se:cdpVersion: 120.0.2210.133, setWindowRect: true, strictFileInteractability: false, timeouts: {implicit: 0, pageLoad: 300000, script: 30000}, unhandledPromptBehavior: dismiss and notify, webauthn:extension:credBlob: true, webauthn:extension:largeBlob: true, webauthn:extension:minPinLength: true, webauthn:extension:prf: true, webauthn:virtualAuthenticators: true}
Session ID: 1a9c18155fc3b253bbe2ceb482fd8475" type="org.openqa.selenium.WebDriverException">
      <![CDATA[org.openqa.selenium.WebDriverException: unknown error: net::ERR_INTERNET_DISCONNECTED
  (Session info: MicrosoftEdge=120.0.2210.133)
Build info: version: '4.12.1', revision: '8e34639b11'
System info: os.name: 'Windows 10', os.arch: 'amd64', os.version: '10.0', java.version: '20.0.2'
Driver info: org.openqa.selenium.edge.EdgeDriver
Command: [1a9c18155fc3b253bbe2ceb482fd8475, get {url=https://www.amazon.in/}]
Capabilities {acceptInsecureCerts: false, browserName: MicrosoftEdge, browserVersion: 120.0.2210.133, fedcm:accounts: true, ms:edgeOptions: {debuggerAddress: localhost:61416}, msedge: {msedgedriverVersion: 120.0.2210.144 (cbca972d598..., userDataDir: C:\WINDOWS\SystemTemp\scope...}, networkConnectionEnabled: false, pageLoadStrategy: normal, platformName: windows, proxy: Proxy(), se:cdp: ws://localhost:61416/devtoo..., se:cdpVersion: 120.0.2210.133, setWindowRect: true, strictFileInteractability: false, timeouts: {implicit: 0, pageLoad: 300000, script: 30000}, unhandledPromptBehavior: dismiss and notify, webauthn:extension:credBlob: true, webauthn:extension:largeBlob: true, webauthn:extension:minPinLength: true, webauthn:extension:prf: true, webauthn:virtualAuthenticators: true}
Session ID: 1a9c18155fc3b253bbe2ceb482fd8475
at java.base/jdk.internal.reflect.DirectConstructorHandleAccessor.newInstance(DirectConstructorHandleAccessor.java:67)
at java.base/java.lang.reflect.Constructor.newInstanceWithCaller(Constructor.java:500)
at java.base/java.lang.reflect.Constructor.newInstance(Constructor.java:484)
at org.openqa.selenium.remote.codec.w3c.W3CHttpResponseCodec.createException(W3CHttpResponseCodec.java:200)
at org.openqa.selenium.remote.codec.w3c.W3CHttpResponseCodec.decode(W3CHttpResponseCodec.java:133)
at org.openqa.selenium.remote.codec.w3c.W3CHttpResponseCodec.decode(W3CHttpResponseCodec.java:52)
at org.openqa.selenium.remote.HttpCommandExecutor.execute(HttpCommandExecutor.java:191)
at org.openqa.selenium.remote.service.DriverCommandExecutor.invokeExecute(DriverCommandExecutor.java:196)
at org.openqa.selenium.remote.service.DriverCommandExecutor.execute(DriverCommandExecutor.java:171)
at org.openqa.selenium.remote.RemoteWebDriver.execute(RemoteWebDriver.java:602)
at org.openqa.selenium.remote.RemoteWebDriver.get(RemoteWebDriver.java:304)
at advanceSeleniumTestng.ThreadPoolSize.amazon(ThreadPoolSize.java:26)
at java.base/jdk.internal.reflect.DirectMethodHandleAccessor.invoke(DirectMethodHandleAccessor.java:104)
at java.base/java.lang.reflect.Method.invoke(Method.java:578)
at org.testng.internal.MethodInvocationHelper.invokeMethod(MethodInvocationHelper.java:133)
at org.testng.internal.TestInvoker.invokeMethod(TestInvoker.java:598)
at org.testng.internal.TestInvoker.invokeTestMethod(TestInvoker.java:173)
at org.testng.internal.MethodRunner.runInSequence(MethodRunner.java:46)
at org.testng.internal.TestInvoker$MethodInvocationAgent.invoke(TestInvoker.java:824)
at org.testng.internal.TestInvoker.invokeTestMethods(TestInvoker.java:146)
at org.testng.internal.TestMethodWorker.invokeTestMethods(TestMethodWorker.java:146)
at org.testng.internal.TestMethodWorker.run(TestMethodWorker.java:128)
at org.testng.internal.thread.ThreadUtil.lambda$execute$0(ThreadUtil.java:64)
at java.base/java.util.concurrent.FutureTask.run(FutureTask.java:317)
at java.base/java.util.concurrent.ThreadPoolExecutor.runWorker(ThreadPoolExecutor.java:1144)
at java.base/java.util.concurrent.ThreadPoolExecutor$Worker.run(ThreadPoolExecutor.java:642)
at java.base/java.lang.Thread.run(Thread.java:1623)
]]>
    </error>
  </testcase> <!-- amazon -->
  <system-out/>
  <testcase classname="advanceSeleniumTestng.ThreadPoolSize" name="baskinRobbins" time="65.438"/>
  <system-out>
    <![CDATA[baskinrobbins got executed successfully]]>
  </system-out>
  <testcase classname="advanceSeleniumTestng.ThreadPoolSize" name="amazon" time="45.419">
    <error message="unknown error: net::ERR_INTERNET_DISCONNECTED
  (Session info: MicrosoftEdge=120.0.2210.133)
Build info: version: &#039;4.12.1&#039;, revision: &#039;8e34639b11&#039;
System info: os.name: &#039;Windows 10&#039;, os.arch: &#039;amd64&#039;, os.version: &#039;10.0&#039;, java.version: &#039;20.0.2&#039;
Driver info: org.openqa.selenium.edge.EdgeDriver
Command: [9e332e1f06442c8c4990bb997ffaf558, get {url=https://www.amazon.in/}]
Capabilities {acceptInsecureCerts: false, browserName: MicrosoftEdge, browserVersion: 120.0.2210.133, fedcm:accounts: true, ms:edgeOptions: {debuggerAddress: localhost:61406}, msedge: {msedgedriverVersion: 120.0.2210.144 (cbca972d598..., userDataDir: C:\WINDOWS\SystemTemp\scope...}, networkConnectionEnabled: false, pageLoadStrategy: normal, platformName: windows, proxy: Proxy(), se:cdp: ws://localhost:61406/devtoo..., se:cdpVersion: 120.0.2210.133, setWindowRect: true, strictFileInteractability: false, timeouts: {implicit: 0, pageLoad: 300000, script: 30000}, unhandledPromptBehavior: dismiss and notify, webauthn:extension:credBlob: true, webauthn:extension:largeBlob: true, webauthn:extension:minPinLength: true, webauthn:extension:prf: true, webauthn:virtualAuthenticators: true}
Session ID: 9e332e1f06442c8c4990bb997ffaf558" type="org.openqa.selenium.WebDriverException">
      <![CDATA[org.openqa.selenium.WebDriverException: unknown error: net::ERR_INTERNET_DISCONNECTED
  (Session info: MicrosoftEdge=120.0.2210.133)
Build info: version: '4.12.1', revision: '8e34639b11'
System info: os.name: 'Windows 10', os.arch: 'amd64', os.version: '10.0', java.version: '20.0.2'
Driver info: org.openqa.selenium.edge.EdgeDriver
Command: [9e332e1f06442c8c4990bb997ffaf558, get {url=https://www.amazon.in/}]
Capabilities {acceptInsecureCerts: false, browserName: MicrosoftEdge, browserVersion: 120.0.2210.133, fedcm:accounts: true, ms:edgeOptions: {debuggerAddress: localhost:61406}, msedge: {msedgedriverVersion: 120.0.2210.144 (cbca972d598..., userDataDir: C:\WINDOWS\SystemTemp\scope...}, networkConnectionEnabled: false, pageLoadStrategy: normal, platformName: windows, proxy: Proxy(), se:cdp: ws://localhost:61406/devtoo..., se:cdpVersion: 120.0.2210.133, setWindowRect: true, strictFileInteractability: false, timeouts: {implicit: 0, pageLoad: 300000, script: 30000}, unhandledPromptBehavior: dismiss and notify, webauthn:extension:credBlob: true, webauthn:extension:largeBlob: true, webauthn:extension:minPinLength: true, webauthn:extension:prf: true, webauthn:virtualAuthenticators: true}
Session ID: 9e332e1f06442c8c4990bb997ffaf558
at java.base/jdk.internal.reflect.DirectConstructorHandleAccessor.newInstance(DirectConstructorHandleAccessor.java:67)
at java.base/java.lang.reflect.Constructor.newInstanceWithCaller(Constructor.java:500)
at java.base/java.lang.reflect.Constructor.newInstance(Constructor.java:484)
at org.openqa.selenium.remote.codec.w3c.W3CHttpResponseCodec.createException(W3CHttpResponseCodec.java:200)
at org.openqa.selenium.remote.codec.w3c.W3CHttpResponseCodec.decode(W3CHttpResponseCodec.java:133)
at org.openqa.selenium.remote.codec.w3c.W3CHttpResponseCodec.decode(W3CHttpResponseCodec.java:52)
at org.openqa.selenium.remote.HttpCommandExecutor.execute(HttpCommandExecutor.java:191)
at org.openqa.selenium.remote.service.DriverCommandExecutor.invokeExecute(DriverCommandExecutor.java:196)
at org.openqa.selenium.remote.service.DriverCommandExecutor.execute(DriverCommandExecutor.java:171)
at org.openqa.selenium.remote.RemoteWebDriver.execute(RemoteWebDriver.java:602)
at org.openqa.selenium.remote.RemoteWebDriver.get(RemoteWebDriver.java:304)
at advanceSeleniumTestng.ThreadPoolSize.amazon(ThreadPoolSize.java:26)
at java.base/jdk.internal.reflect.DirectMethodHandleAccessor.invoke(DirectMethodHandleAccessor.java:104)
at java.base/java.lang.reflect.Method.invoke(Method.java:578)
at org.testng.internal.MethodInvocationHelper.invokeMethod(MethodInvocationHelper.java:133)
at org.testng.internal.TestInvoker.invokeMethod(TestInvoker.java:598)
at org.testng.internal.TestInvoker.invokeTestMethod(TestInvoker.java:173)
at org.testng.internal.MethodRunner.runInSequence(MethodRunner.java:46)
at org.testng.internal.TestInvoker$MethodInvocationAgent.invoke(TestInvoker.java:824)
at org.testng.internal.TestInvoker.invokeTestMethods(TestInvoker.java:146)
at org.testng.internal.TestMethodWorker.invokeTestMethods(TestMethodWorker.java:146)
at org.testng.internal.TestMethodWorker.run(TestMethodWorker.java:128)
at org.testng.internal.thread.ThreadUtil.lambda$execute$0(ThreadUtil.java:64)
at java.base/java.util.concurrent.FutureTask.run(FutureTask.java:317)
at java.base/java.util.concurrent.ThreadPoolExecutor.runWorker(ThreadPoolExecutor.java:1144)
at java.base/java.util.concurrent.ThreadPoolExecutor$Worker.run(ThreadPoolExecutor.java:642)
at java.base/java.lang.Thread.run(Thread.java:1623)
]]>
    </error>
  </testcase> <!-- amazon -->
  <system-out/>
  <testcase classname="advanceSeleniumTestng.ThreadPoolSize" name="cricbuzz" time="30.239"/>
  <system-out>
    <![CDATA[cricbuzz got executed successfully]]>
  </system-out>
</testsuite> <!-- advanceSeleniumTestng.ThreadPoolSize -->
