<?xml version="1.0" encoding="UTF-8"?>
<!-- Generated by org.testng.reporters.JUnitReportReporter -->
<testsuite hostname="PNB" failures="0" tests="3" name="advanceSeleniumTestng.ToSkipTheTestCase" time="61.552" errors="0" timestamp="2024-01-19T11:31:04 IST" skipped="2">
  <testcase classname="advanceSeleniumTestng.ToSkipTheTestCase" name="baskinRobbins" time="61.552"/>
  <system-out>
    <![CDATA[baskinrobbins got executed successfully]]>
  </system-out>
  <testcase classname="advanceSeleniumTestng.ToSkipTheTestCase" name="amazon">
    <skipped/>
  </testcase> <!-- amazon -->
  <system-out/>
  <testcase classname="advanceSeleniumTestng.ToSkipTheTestCase" name="cricbuzz">
    <skipped/>
  </testcase> <!-- cricbuzz -->
  <system-out/>
</testsuite> <!-- advanceSeleniumTestng.ToSkipTheTestCase -->
