<?xml version="1.0" encoding="UTF-8"?>
<!-- Generated by org.testng.reporters.JUnitReportReporter -->
<testsuite hostname="PNB" failures="0" tests="1" name="bikes.ToLaunchJawa" time="120.658" errors="0" timestamp="2024-01-23T12:05:02 IST" skipped="0">
  <testcase classname="bikes.ToLaunchJawa" name="jawa" time="120.658"/>
  <system-out>
    <![CDATA[jawa got executed successfully]]>
  </system-out>
</testsuite> <!-- bikes.ToLaunchJawa -->
