<?xml version="1.0" encoding="UTF-8"?>
<!-- Generated by org.testng.reporters.JUnitReportReporter -->
<testsuite hostname="PNB" failures="0" tests="3" name="advanceSeleniumTestng.Dependsmultiplemethodsonone" time="0.037" errors="0" timestamp="2024-01-19T12:27:03 IST" skipped="0">
  <testcase classname="advanceSeleniumTestng.Dependsmultiplemethodsonone" name="deleteAccount" time="0.013"/>
  <system-out>
    <![CDATA[account deleted successfully]]>
  </system-out>
  <testcase classname="advanceSeleniumTestng.Dependsmultiplemethodsonone" name="editAccount" time="0.008"/>
  <system-out>
    <![CDATA[edit account successfully]]>
  </system-out>
  <testcase classname="advanceSeleniumTestng.Dependsmultiplemethodsonone" name="createAccount" time="0.016"/>
  <system-out>
    <![CDATA[Account created  successfully]]>
  </system-out>
</testsuite> <!-- advanceSeleniumTestng.Dependsmultiplemethodsonone -->
