<?xml version="1.0" encoding="UTF-8"?>
<!-- Generated by org.testng.reporters.JUnitReportReporter -->
<testsuite hostname="PNB" failures="0" tests="3" name="advanceSeleniumTestng.DependsOnMethods" time="0.023" errors="0" timestamp="2024-01-19T11:44:24 IST" skipped="0">
  <testcase classname="advanceSeleniumTestng.DependsOnMethods" name="deleteAccount" time="0.003"/>
  <system-out>
    <![CDATA[account deleted successfully]]>
  </system-out>
  <testcase classname="advanceSeleniumTestng.DependsOnMethods" name="createAccount" time="0.015"/>
  <system-out>
    <![CDATA[Account created  successfully]]>
  </system-out>
  <testcase classname="advanceSeleniumTestng.DependsOnMethods" name="editAccount" time="0.005"/>
  <system-out>
    <![CDATA[edit account successfully]]>
  </system-out>
</testsuite> <!-- advanceSeleniumTestng.DependsOnMethods -->
